Flutter crash report.
Please report a bug at https://github.com/flutter/flutter/issues.

## command

flutter run

## exception

ExistingDartDevelopmentServiceException: DartDevelopmentServiceException: JSON-RPC error 100: Existing VM service clients prevent DDS from taking control.

```
```

## flutter doctor

```
[32m[✓][39m Flutter (Channel stable, 3.32.8, on Microsoft Windows [Versi¢n 10.0.26100.4652], locale es-CO) [286ms]
    [32m•[39m Flutter version 3.32.8 on channel stable at C:\Users\braco\dev\flutter
    [32m•[39m Upstream repository https://github.com/flutter/flutter.git
    [32m•[39m Framework revision edada7c56e (3 weeks ago), 2025-07-25 14:08:03 +0000
    [32m•[39m Engine revision ef0cd00091
    [32m•[39m Dart version 3.8.1
    [32m•[39m DevTools version 2.45.1

[32m[✓][39m Windows Version (Windows 11 or higher, 24H2, 2009) [3,6s]

[33m[!][39m Android toolchain - develop for Android devices (Android SDK version 34.0.0) [113ms]
    [32m•[39m Android SDK at C:\Program Files\Unity\Hub\Editor\6000.0.40f1\Editor\Data\PlaybackEngines\AndroidPlayer\SDK
    [32m•[39m Platform android-35, build-tools 34.0.0
    [31m✗[39m No Java Development Kit (JDK) found; You must have the environment variable JAVA_HOME set and the java binary in your PATH. You can download the JDK
      from https://www.oracle.com/technetwork/java/javase/downloads/.

[32m[✓][39m Chrome - develop for the web [84ms]
    [32m•[39m Chrome at C:\Program Files\Google\Chrome\Application\chrome.exe

[32m[✓][39m Visual Studio - develop Windows apps (Visual Studio Community 2022 17.13.2) [83ms]
    [32m•[39m Visual Studio at C:\Program Files\Microsoft Visual Studio\2022\Community
    [32m•[39m Visual Studio Community 2022 version 17.13.35825.156
    [32m•[39m Windows 10 SDK version 10.0.22621.0

[33m[!][39m Android Studio (not installed) [6ms]
    [32m•[39m Android Studio not found; download from https://developer.android.com/studio/index.html
      (or visit https://flutter.dev/to/windows-android-setup for detailed instructions).

[32m[✓][39m VS Code (version 1.103.0) [5ms]
    [32m•[39m VS Code at C:\Users\braco\AppData\Local\Programs\Microsoft VS Code
    [32m•[39m Flutter extension version 3.116.0

[32m[✓][39m Connected device (3 available) [106ms]
    [32m•[39m Windows (desktop) • windows • windows-x64    • Microsoft Windows [Versi¢n 10.0.26100.4652]
    [32m•[39m Chrome (web)      • chrome  • web-javascript • Google Chrome 139.0.7258.67
    [32m•[39m Edge (web)        • edge    • web-javascript • Microsoft Edge 139.0.3405.86

[32m[✓][39m Network resources [546ms]
    [32m•[39m All expected network resources are available.

[33m![39m Doctor found issues in 2 categories.
```
